<?xml version="1.0" encoding="UTF-8"?>
<testng-results ignored="0" total="1" passed="1" failed="0" skipped="0">
  <reporter-output>
  </reporter-output>
  <suite started-at="2022-10-04T16:09:30Z" name="Default suite" finished-at="2022-10-04T16:09:34Z" duration-ms="3320">
    <groups>
    </groups>
    <test started-at="2022-10-04T16:09:30Z" name="Default test" finished-at="2022-10-04T16:09:34Z" duration-ms="3320">
      <class name="com.mypackage.test.NewTestServer">
        <test-method signature="f()[pri:0, instance:com.mypackage.test.NewTestServer@14f9390f]" started-at="2022-10-04T16:09:31Z" name="f" finished-at="2022-10-04T16:09:34Z" duration-ms="3267" status="PASS">
          <reporter-output>
          </reporter-output>
        </test-method> <!-- f -->
      </class> <!-- com.mypackage.test.NewTestServer -->
    </test> <!-- Default test -->
  </suite> <!-- Default suite -->
</testng-results>
